<?xml version="1.0" encoding="UTF-8"?>
<testng-results ignored="0" total="1" passed="1" failed="0" skipped="0">
  <reporter-output>
  </reporter-output>
  <suite started-at="2023-01-27T00:03:19 IST" name="Default suite" finished-at="2023-01-27T00:03:20 IST" duration-ms="86">
    <groups>
    </groups>
    <test started-at="2023-01-27T00:03:19 IST" name="Default test" finished-at="2023-01-27T00:03:20 IST" duration-ms="86">
      <class name="testNGParallelExection.TestNg4">
        <test-method signature="f()[pri:0, instance:testNGParallelExection.TestNg4@68c72235]" started-at="2023-01-27T00:03:20 IST" name="f" finished-at="2023-01-27T00:03:20 IST" duration-ms="15" status="PASS">
          <reporter-output>
          </reporter-output>
        </test-method> <!-- f -->
      </class> <!-- testNGParallelExection.TestNg4 -->
    </test> <!-- Default test -->
  </suite> <!-- Default suite -->
</testng-results>
