<?xml version="1.0" encoding="UTF-8"?>
<!-- Generated by org.testng.reporters.JUnitXMLReporter -->
<testsuite ignored="2" hostname="LAPTOP-I3T5M93D" failures="0" tests="1" name="Test(failed)(failed)" time="0.09" errors="0" timestamp="2023-01-20T11:51:28 IST">
  <testcase classname="testNGPack.Demo" name="demo2" time="0.013"/>
  <testcase classname="testNGPack.Demo" name="demo" time="0.0">
    <ignored/>
  </testcase> <!-- demo -->
  <testcase classname="testNGPack.Demo" name="demo1" time="0.0">
    <ignored/>
  </testcase> <!-- demo1 -->
</testsuite> <!-- Test(failed)(failed) -->
