<?xml version="1.0" encoding="UTF-8"?>
<!-- Generated by org.testng.reporters.JUnitXMLReporter -->
<testsuite ignored="6" hostname="LAPTOP-I3T5M93D" failures="0" tests="12" name="Test" time="0.158" errors="0" timestamp="2023-01-23T13:38:55 IST">
  <testcase classname="testNGPack1.Flag6" name="it1" time="0.024"/>
  <testcase classname="testNGPack1.Flag6" name="it2" time="0.003"/>
  <testcase classname="testNGPack1.Flag6" name="it3" time="0.001"/>
  <testcase classname="testNGPack1.Flag6" name="it4" time="0.005"/>
  <testcase classname="testNGPack1.Flag6" name="it5" time="0.001"/>
  <testcase classname="testNGPack1.Flag6" name="it6" time="0.002"/>
  <testcase classname="testNGPack1.Flag6" name="st1" time="0.003"/>
  <testcase classname="testNGPack1.Flag6" name="st2" time="0.01"/>
  <testcase classname="testNGPack1.Flag6" name="st3" time="0.002"/>
  <testcase classname="testNGPack1.Flag6" name="st4" time="0.005"/>
  <testcase classname="testNGPack1.Flag6" name="st5" time="0.003"/>
  <testcase classname="testNGPack1.Flag6" name="st6" time="0.004"/>
  <testcase classname="testNGPack1.Flag6" name="ft6" time="0.0">
    <ignored/>
  </testcase> <!-- ft6 -->
  <testcase classname="testNGPack1.Flag6" name="ft3" time="0.0">
    <ignored/>
  </testcase> <!-- ft3 -->
  <testcase classname="testNGPack1.Flag6" name="ft1" time="0.0">
    <ignored/>
  </testcase> <!-- ft1 -->
  <testcase classname="testNGPack1.Flag6" name="ft4" time="0.0">
    <ignored/>
  </testcase> <!-- ft4 -->
  <testcase classname="testNGPack1.Flag6" name="ft2" time="0.0">
    <ignored/>
  </testcase> <!-- ft2 -->
  <testcase classname="testNGPack1.Flag6" name="ft5" time="0.0">
    <ignored/>
  </testcase> <!-- ft5 -->
</testsuite> <!-- Test -->
